Arguments: 
  /usr/local/Cellar/node@8/8.11.3_1/bin/node /usr/local/Cellar/yarn/1.7.0/libexec/bin/yarn.js add --dev babel-cli babel-preset

PATH: 
  /Users/singhguy/.rvm/gems/ruby-2.5.1/bin:/Users/singhguy/.rvm/gems/ruby-2.5.1@global/bin:/Users/singhguy/.rvm/rubies/ruby-2.5.1/bin:/Users/singhguy/.composer/vendor/bin:/usr/local/opt/node@8/bin:/usr/local/opt/php@7.1/bin:/usr/local/bin:/usr/bin:/bin:/usr/sbin:/sbin:/Users/singhguy/.rvm/bin

Yarn version: 
  1.7.0

Node version: 
  8.11.3

Platform: 
  darwin x64

Trace: 
  Error: https://registry.yarnpkg.com/babel-preset: Not found
      at Request.params.callback [as _callback] (/usr/local/Cellar/yarn/1.7.0/libexec/lib/cli.js:65656:18)
      at Request.self.callback (/usr/local/Cellar/yarn/1.7.0/libexec/lib/cli.js:134675:22)
      at emitTwo (events.js:126:13)
      at Request.emit (events.js:214:7)
      at Request.<anonymous> (/usr/local/Cellar/yarn/1.7.0/libexec/lib/cli.js:135658:10)
      at emitOne (events.js:116:13)
      at Request.emit (events.js:211:7)
      at IncomingMessage.<anonymous> (/usr/local/Cellar/yarn/1.7.0/libexec/lib/cli.js:135578:12)
      at Object.onceWrapper (events.js:313:30)
      at emitNone (events.js:111:20)

npm manifest: 
  {
    "name": "be-app",
    "version": "1.0.0",
    "description": "Backend App",
    "main": "index.js",
    "license": "MIT",
    "scripts": {
      "start": "node src/index.js"    
    }
  }

yarn manifest: 
  No manifest

Lockfile: 
  No lockfile
